<?xml version="1.0" encoding="UTF-8"?>
<testsuite xmlns:xsi="http://www.w3.org/2001/XMLSchema-instance" xsi:noNamespaceSchemaLocation="https://maven.apache.org/surefire/maven-surefire-plugin/xsd/surefire-test-report-3.0.xsd" version="3.0" name="com.aegis.wms.application.masterdata.service.MasterDataIntegrationTest" time="1.085" tests="16" errors="0" skipped="0" failures="0">
  <properties>
[...]
</properties>
  <testcase name="testCreateWarehouse" classname="com.aegis.wms.application.masterdata.service.MasterDataIntegrationTest" time="0.051">
    <system-out><![CDATA[2026-03-29T07:47:26.069+08:00  INFO 78719 --- [           main] t.c.s.AnnotationConfigContextLoaderUtils : Could not detect default configuration classes for test class [com.aegis.wms.application.masterdata.service.MasterDataIntegrationTest]: MasterDataIntegrationTest does not declare any static, non-private, non-final, nested classes annotated with @Configuration.
2026-03-29T07:47:26.223+08:00  INFO 78719 --- [           main] .b.t.c.SpringBootTestContextBootstrapper : Found @SpringBootConfiguration com.aegis.wms.AegisWmsApplication for test class com.aegis.wms.application.masterdata.service.MasterDataIntegrationTest
Creating a new SqlSession
Registering transaction synchronization for SqlSession [org.apache.ibatis.session.defaults.DefaultSqlSession@2f4a89fa]
JDBC Connection [HikariProxyConnection@1170460428 wrapping com.mysql.cj.jdbc.ConnectionImpl@17a89cb1] will be managed by Spring
==>  Preparing: SELECT COUNT( * ) AS total FROM warehouse WHERE deleted=0 AND (warehouse_code = ?)
==> Parameters: TEST_WH_001(String)
<==    Columns: total
<==        Row: 0
<==      Total: 1
Releasing transactional SqlSession [org.apache.ibatis.session.defaults.DefaultSqlSession@2f4a89fa]
Fetched SqlSession [org.apache.ibatis.session.defaults.DefaultSqlSession@2f4a89fa] from current transaction
==>  Preparing: INSERT INTO warehouse ( warehouse_code, warehouse_name, address, total_capacity, status, create_time, update_time ) VALUES ( ?, ?, ?, ?, ?, ?, ? )
==> Parameters: TEST_WH_001(String), 测试粮库-集成测试(String), 测试地址-集成测试(String), 10000.000(BigDecimal), 1(Integer), null, null
<==    Updates: 1
Releasing transactional SqlSession [org.apache.ibatis.session.defaults.DefaultSqlSession@2f4a89fa]
✅ 创建库区成功，ID: 191
Transaction synchronization deregistering SqlSession [org.apache.ibatis.session.defaults.DefaultSqlSession@2f4a89fa]
Transaction synchronization closing SqlSession [org.apache.ibatis.session.defaults.DefaultSqlSession@2f4a89fa]
]]></system-out>
  </testcase>
  <testcase name="testGetWarehouseById" classname="com.aegis.wms.application.masterdata.service.MasterDataIntegrationTest" time="0.054">
    <system-out><![CDATA[Creating a new SqlSession
Registering transaction synchronization for SqlSession [org.apache.ibatis.session.defaults.DefaultSqlSession@10db002c]
JDBC Connection [HikariProxyConnection@1267198524 wrapping com.mysql.cj.jdbc.ConnectionImpl@17a89cb1] will be managed by Spring
==>  Preparing: SELECT COUNT( * ) AS total FROM warehouse WHERE deleted=0 AND (warehouse_code = ?)
==> Parameters: TEST_WH_QUERY(String)
<==    Columns: total
<==        Row: 0
<==      Total: 1
Releasing transactional SqlSession [org.apache.ibatis.session.defaults.DefaultSqlSession@10db002c]
Fetched SqlSession [org.apache.ibatis.session.defaults.DefaultSqlSession@10db002c] from current transaction
==>  Preparing: INSERT INTO warehouse ( warehouse_code, warehouse_name, address, total_capacity, status, create_time, update_time ) VALUES ( ?, ?, ?, ?, ?, ?, ? )
==> Parameters: TEST_WH_QUERY(String), 测试查询粮库(String), 测试查询地址(String), 5000.000(BigDecimal), 1(Integer), null, null
<==    Updates: 1
Releasing transactional SqlSession [org.apache.ibatis.session.defaults.DefaultSqlSession@10db002c]
Fetched SqlSession [org.apache.ibatis.session.defaults.DefaultSqlSession@10db002c] from current transaction
==>  Preparing: SELECT id,warehouse_code,warehouse_name,address,total_capacity,status,create_time,update_time,deleted FROM warehouse WHERE id=? AND deleted=0
==> Parameters: 192(Long)
<==    Columns: id, warehouse_code, warehouse_name, address, total_capacity, status, create_time, update_time, deleted
<==        Row: 192, TEST_WH_QUERY, 测试查询粮库, 测试查询地址, 5000.000, 1, null, null, 0
<==      Total: 1
Releasing transactional SqlSession [org.apache.ibatis.session.defaults.DefaultSqlSession@10db002c]
✅ 查询库区成功: 测试查询粮库
Transaction synchronization deregistering SqlSession [org.apache.ibatis.session.defaults.DefaultSqlSession@10db002c]
Transaction synchronization closing SqlSession [org.apache.ibatis.session.defaults.DefaultSqlSession@10db002c]
]]></system-out>
  </testcase>
  <testcase name="testUpdateWarehouse" classname="com.aegis.wms.application.masterdata.service.MasterDataIntegrationTest" time="0.099">
    <system-out><![CDATA[Creating a new SqlSession
Registering transaction synchronization for SqlSession [org.apache.ibatis.session.defaults.DefaultSqlSession@1835b24b]
JDBC Connection [HikariProxyConnection@1837746467 wrapping com.mysql.cj.jdbc.ConnectionImpl@17a89cb1] will be managed by Spring
==>  Preparing: SELECT COUNT( * ) AS total FROM warehouse WHERE deleted=0 AND (warehouse_code = ?)
==> Parameters: TEST_WH_UPDATE(String)
<==    Columns: total
<==        Row: 0
<==      Total: 1
Releasing transactional SqlSession [org.apache.ibatis.session.defaults.DefaultSqlSession@1835b24b]
Fetched SqlSession [org.apache.ibatis.session.defaults.DefaultSqlSession@1835b24b] from current transaction
==>  Preparing: INSERT INTO warehouse ( warehouse_code, warehouse_name, address, total_capacity, status, create_time, update_time ) VALUES ( ?, ?, ?, ?, ?, ?, ? )
==> Parameters: TEST_WH_UPDATE(String), 更新前名称(String), 更新前地址(String), 3000.000(BigDecimal), 1(Integer), null, null
<==    Updates: 1
Releasing transactional SqlSession [org.apache.ibatis.session.defaults.DefaultSqlSession@1835b24b]
Fetched SqlSession [org.apache.ibatis.session.defaults.DefaultSqlSession@1835b24b] from current transaction
==>  Preparing: SELECT id,warehouse_code,warehouse_name,address,total_capacity,status,create_time,update_time,deleted FROM warehouse WHERE id=? AND deleted=0
==> Parameters: 193(Long)
<==    Columns: id, warehouse_code, warehouse_name, address, total_capacity, status, create_time, update_time, deleted
<==        Row: 193, TEST_WH_UPDATE, 更新前名称, 更新前地址, 3000.000, 1, null, null, 0
<==      Total: 1
Releasing transactional SqlSession [org.apache.ibatis.session.defaults.DefaultSqlSession@1835b24b]
Fetched SqlSession [org.apache.ibatis.session.defaults.DefaultSqlSession@1835b24b] from current transaction
==>  Preparing: UPDATE warehouse SET warehouse_code=?, warehouse_name=?, address=?, total_capacity=?, status=?, update_time=? WHERE id=? AND deleted=0
==> Parameters: TEST_WH_UPDATE(String), 更新后名称-集成测试(String), 更新后地址(String), 8000.000(BigDecimal), 1(Integer), null, 193(Long)
<==    Updates: 1
Releasing transactional SqlSession [org.apache.ibatis.session.defaults.DefaultSqlSession@1835b24b]
Fetched SqlSession [org.apache.ibatis.session.defaults.DefaultSqlSession@1835b24b] from current transaction
==>  Preparing: SELECT id,warehouse_code,warehouse_name,address,total_capacity,status,create_time,update_time,deleted FROM warehouse WHERE id=? AND deleted=0
==> Parameters: 193(Long)
<==    Columns: id, warehouse_code, warehouse_name, address, total_capacity, status, create_time, update_time, deleted
<==        Row: 193, TEST_WH_UPDATE, 更新后名称-集成测试, 更新后地址, 8000.000, 1, null, null, 0
<==      Total: 1
Releasing transactional SqlSession [org.apache.ibatis.session.defaults.DefaultSqlSession@1835b24b]
✅ 更新库区成功
Transaction synchronization deregistering SqlSession [org.apache.ibatis.session.defaults.DefaultSqlSession@1835b24b]
Transaction synchronization closing SqlSession [org.apache.ibatis.session.defaults.DefaultSqlSession@1835b24b]
]]></system-out>
  </testcase>
  <testcase name="testListAllWarehouses" classname="com.aegis.wms.application.masterdata.service.MasterDataIntegrationTest" time="0.069">
    <system-out><![CDATA[Creating a new SqlSession
Registering transaction synchronization for SqlSession [org.apache.ibatis.session.defaults.DefaultSqlSession@3b0b20a8]
JDBC Connection [HikariProxyConnection@741295977 wrapping com.mysql.cj.jdbc.ConnectionImpl@17a89cb1] will be managed by Spring
==>  Preparing: SELECT COUNT( * ) AS total FROM warehouse WHERE deleted=0 AND (warehouse_code = ?)
==> Parameters: TEST_WH_LIST_1(String)
<==    Columns: total
<==        Row: 0
<==      Total: 1
Releasing transactional SqlSession [org.apache.ibatis.session.defaults.DefaultSqlSession@3b0b20a8]
Fetched SqlSession [org.apache.ibatis.session.defaults.DefaultSqlSession@3b0b20a8] from current transaction
==>  Preparing: INSERT INTO warehouse ( warehouse_code, warehouse_name, address, total_capacity, status, create_time, update_time ) VALUES ( ?, ?, ?, ?, ?, ?, ? )
==> Parameters: TEST_WH_LIST_1(String), 列表测试粮库_1(String), 测试地址_1(String), 1000.000(BigDecimal), 1(Integer), null, null
<==    Updates: 1
Releasing transactional SqlSession [org.apache.ibatis.session.defaults.DefaultSqlSession@3b0b20a8]
Fetched SqlSession [org.apache.ibatis.session.defaults.DefaultSqlSession@3b0b20a8] from current transaction
==>  Preparing: SELECT COUNT( * ) AS total FROM warehouse WHERE deleted=0 AND (warehouse_code = ?)
==> Parameters: TEST_WH_LIST_2(String)
<==    Columns: total
<==        Row: 0
<==      Total: 1
Releasing transactional SqlSession [org.apache.ibatis.session.defaults.DefaultSqlSession@3b0b20a8]
Fetched SqlSession [org.apache.ibatis.session.defaults.DefaultSqlSession@3b0b20a8] from current transaction
==>  Preparing: INSERT INTO warehouse ( warehouse_code, warehouse_name, address, total_capacity, status, create_time, update_time ) VALUES ( ?, ?, ?, ?, ?, ?, ? )
==> Parameters: TEST_WH_LIST_2(String), 列表测试粮库_2(String), 测试地址_2(String), 1000.000(BigDecimal), 1(Integer), null, null
<==    Updates: 1
Releasing transactional SqlSession [org.apache.ibatis.session.defaults.DefaultSqlSession@3b0b20a8]
Fetched SqlSession [org.apache.ibatis.session.defaults.DefaultSqlSession@3b0b20a8] from current transaction
==>  Preparing: SELECT COUNT( * ) AS total FROM warehouse WHERE deleted=0 AND (warehouse_code = ?)
==> Parameters: TEST_WH_LIST_3(String)
<==    Columns: total
<==        Row: 0
<==      Total: 1
Releasing transactional SqlSession [org.apache.ibatis.session.defaults.DefaultSqlSession@3b0b20a8]
Fetched SqlSession [org.apache.ibatis.session.defaults.DefaultSqlSession@3b0b20a8] from current transaction
==>  Preparing: INSERT INTO warehouse ( warehouse_code, warehouse_name, address, total_capacity, status, create_time, update_time ) VALUES ( ?, ?, ?, ?, ?, ?, ? )
==> Parameters: TEST_WH_LIST_3(String), 列表测试粮库_3(String), 测试地址_3(String), 1000.000(BigDecimal), 1(Integer), null, null
<==    Updates: 1
Releasing transactional SqlSession [org.apache.ibatis.session.defaults.DefaultSqlSession@3b0b20a8]
Fetched SqlSession [org.apache.ibatis.session.defaults.DefaultSqlSession@3b0b20a8] from current transaction
==>  Preparing: SELECT id,warehouse_code,warehouse_name,address,total_capacity,status,create_time,update_time,deleted FROM warehouse WHERE deleted=0 ORDER BY create_time DESC
==> Parameters: 
<==    Columns: id, warehouse_code, warehouse_name, address, total_capacity, status, create_time, update_time, deleted
<==        Row: 194, TEST_WH_LIST_1, 列表测试粮库_1, 测试地址_1, 1000.000, 1, null, null, 0
<==        Row: 195, TEST_WH_LIST_2, 列表测试粮库_2, 测试地址_2, 1000.000, 1, null, null, 0
<==        Row: 196, TEST_WH_LIST_3, 列表测试粮库_3, 测试地址_3, 1000.000, 1, null, null, 0
<==      Total: 3
Releasing transactional SqlSession [org.apache.ibatis.session.defaults.DefaultSqlSession@3b0b20a8]
✅ 查询所有库区成功，数量: 3
Transaction synchronization deregistering SqlSession [org.apache.ibatis.session.defaults.DefaultSqlSession@3b0b20a8]
Transaction synchronization closing SqlSession [org.apache.ibatis.session.defaults.DefaultSqlSession@3b0b20a8]
]]></system-out>
  </testcase>
  <testcase name="testPageWarehouses" classname="com.aegis.wms.application.masterdata.service.MasterDataIntegrationTest" time="0.082">
    <system-out><![CDATA[Creating a new SqlSession
Registering transaction synchronization for SqlSession [org.apache.ibatis.session.defaults.DefaultSqlSession@db9ecd]
JDBC Connection [HikariProxyConnection@1079491260 wrapping com.mysql.cj.jdbc.ConnectionImpl@17a89cb1] will be managed by Spring
==>  Preparing: SELECT COUNT( * ) AS total FROM warehouse WHERE deleted=0 AND (warehouse_code = ?)
==> Parameters: TEST_WH_PAGE_10(String)
<==    Columns: total
<==        Row: 0
<==      Total: 1
Releasing transactional SqlSession [org.apache.ibatis.session.defaults.DefaultSqlSession@db9ecd]
Fetched SqlSession [org.apache.ibatis.session.defaults.DefaultSqlSession@db9ecd] from current transaction
==>  Preparing: INSERT INTO warehouse ( warehouse_code, warehouse_name, address, total_capacity, status, create_time, update_time ) VALUES ( ?, ?, ?, ?, ?, ?, ? )
==> Parameters: TEST_WH_PAGE_10(String), 分页测试粮库_10(String), 分页测试地址_10(String), 500.000(BigDecimal), 1(Integer), null, null
<==    Updates: 1
Releasing transactional SqlSession [org.apache.ibatis.session.defaults.DefaultSqlSession@db9ecd]
Fetched SqlSession [org.apache.ibatis.session.defaults.DefaultSqlSession@db9ecd] from current transaction
==>  Preparing: SELECT COUNT( * ) AS total FROM warehouse WHERE deleted=0 AND (warehouse_code = ?)
==> Parameters: TEST_WH_PAGE_11(String)
<==    Columns: total
<==        Row: 0
<==      Total: 1
Releasing transactional SqlSession [org.apache.ibatis.session.defaults.DefaultSqlSession@db9ecd]
Fetched SqlSession [org.apache.ibatis.session.defaults.DefaultSqlSession@db9ecd] from current transaction
==>  Preparing: INSERT INTO warehouse ( warehouse_code, warehouse_name, address, total_capacity, status, create_time, update_time ) VALUES ( ?, ?, ?, ?, ?, ?, ? )
==> Parameters: TEST_WH_PAGE_11(String), 分页测试粮库_11(String), 分页测试地址_11(String), 500.000(BigDecimal), 1(Integer), null, null
<==    Updates: 1
Releasing transactional SqlSession [org.apache.ibatis.session.defaults.DefaultSqlSession@db9ecd]
Fetched SqlSession [org.apache.ibatis.session.defaults.DefaultSqlSession@db9ecd] from current transaction
==>  Preparing: SELECT COUNT( * ) AS total FROM warehouse WHERE deleted=0 AND (warehouse_code = ?)
==> Parameters: TEST_WH_PAGE_12(String)
<==    Columns: total
<==        Row: 0
<==      Total: 1
Releasing transactional SqlSession [org.apache.ibatis.session.defaults.DefaultSqlSession@db9ecd]
Fetched SqlSession [org.apache.ibatis.session.defaults.DefaultSqlSession@db9ecd] from current transaction
==>  Preparing: INSERT INTO warehouse ( warehouse_code, warehouse_name, address, total_capacity, status, create_time, update_time ) VALUES ( ?, ?, ?, ?, ?, ?, ? )
==> Parameters: TEST_WH_PAGE_12(String), 分页测试粮库_12(String), 分页测试地址_12(String), 500.000(BigDecimal), 1(Integer), null, null
<==    Updates: 1
Releasing transactional SqlSession [org.apache.ibatis.session.defaults.DefaultSqlSession@db9ecd]
Fetched SqlSession [org.apache.ibatis.session.defaults.DefaultSqlSession@db9ecd] from current transaction
==>  Preparing: SELECT COUNT( * ) AS total FROM warehouse WHERE deleted=0 AND (warehouse_code = ?)
==> Parameters: TEST_WH_PAGE_13(String)
<==    Columns: total
<==        Row: 0
<==      Total: 1
Releasing transactional SqlSession [org.apache.ibatis.session.defaults.DefaultSqlSession@db9ecd]
Fetched SqlSession [org.apache.ibatis.session.defaults.DefaultSqlSession@db9ecd] from current transaction
==>  Preparing: INSERT INTO warehouse ( warehouse_code, warehouse_name, address, total_capacity, status, create_time, update_time ) VALUES ( ?, ?, ?, ?, ?, ?, ? )
==> Parameters: TEST_WH_PAGE_13(String), 分页测试粮库_13(String), 分页测试地址_13(String), 500.000(BigDecimal), 1(Integer), null, null
<==    Updates: 1
Releasing transactional SqlSession [org.apache.ibatis.session.defaults.DefaultSqlSession@db9ecd]
Fetched SqlSession [org.apache.ibatis.session.defaults.DefaultSqlSession@db9ecd] from current transaction
==>  Preparing: SELECT COUNT( * ) AS total FROM warehouse WHERE deleted=0 AND (warehouse_code = ?)
==> Parameters: TEST_WH_PAGE_14(String)
<==    Columns: total
<==        Row: 0
<==      Total: 1
Releasing transactional SqlSession [org.apache.ibatis.session.defaults.DefaultSqlSession@db9ecd]
Fetched SqlSession [org.apache.ibatis.session.defaults.DefaultSqlSession@db9ecd] from current transaction
==>  Preparing: INSERT INTO warehouse ( warehouse_code, warehouse_name, address, total_capacity, status, create_time, update_time ) VALUES ( ?, ?, ?, ?, ?, ?, ? )
==> Parameters: TEST_WH_PAGE_14(String), 分页测试粮库_14(String), 分页测试地址_14(String), 500.000(BigDecimal), 1(Integer), null, null
<==    Updates: 1
Releasing transactional SqlSession [org.apache.ibatis.session.defaults.DefaultSqlSession@db9ecd]
Fetched SqlSession [org.apache.ibatis.session.defaults.DefaultSqlSession@db9ecd] from current transaction
==>  Preparing: SELECT COUNT( * ) AS total FROM warehouse WHERE deleted=0 AND (warehouse_code = ?)
==> Parameters: TEST_WH_PAGE_15(String)
<==    Columns: total
<==        Row: 0
<==      Total: 1
Releasing transactional SqlSession [org.apache.ibatis.session.defaults.DefaultSqlSession@db9ecd]
Fetched SqlSession [org.apache.ibatis.session.defaults.DefaultSqlSession@db9ecd] from current transaction
==>  Preparing: INSERT INTO warehouse ( warehouse_code, warehouse_name, address, total_capacity, status, create_time, update_time ) VALUES ( ?, ?, ?, ?, ?, ?, ? )
==> Parameters: TEST_WH_PAGE_15(String), 分页测试粮库_15(String), 分页测试地址_15(String), 500.000(BigDecimal), 1(Integer), null, null
<==    Updates: 1
Releasing transactional SqlSession [org.apache.ibatis.session.defaults.DefaultSqlSession@db9ecd]
Fetched SqlSession [org.apache.ibatis.session.defaults.DefaultSqlSession@db9ecd] from current transaction
==>  Preparing: SELECT COUNT(*) AS total FROM warehouse WHERE deleted = 0 AND (warehouse_name LIKE ? AND status = ?)
==> Parameters: %分页测试%(String), 1(Integer)
<==    Columns: total
<==        Row: 6
<==      Total: 1
==>  Preparing: SELECT id,warehouse_code,warehouse_name,address,total_capacity,status,create_time,update_time,deleted FROM warehouse WHERE deleted=0 AND (warehouse_name LIKE ? AND status = ?) ORDER BY create_time DESC LIMIT ?
==> Parameters: %分页测试%(String), 1(Integer), 5(Long)
<==    Columns: id, warehouse_code, warehouse_name, address, total_capacity, status, create_time, update_time, deleted
<==        Row: 197, TEST_WH_PAGE_10, 分页测试粮库_10, 分页测试地址_10, 500.000, 1, null, null, 0
<==        Row: 198, TEST_WH_PAGE_11, 分页测试粮库_11, 分页测试地址_11, 500.000, 1, null, null, 0
<==        Row: 199, TEST_WH_PAGE_12, 分页测试粮库_12, 分页测试地址_12, 500.000, 1, null, null, 0
<==        Row: 200, TEST_WH_PAGE_13, 分页测试粮库_13, 分页测试地址_13, 500.000, 1, null, null, 0
<==        Row: 201, TEST_WH_PAGE_14, 分页测试粮库_14, 分页测试地址_14, 500.000, 1, null, null, 0
<==      Total: 5
Releasing transactional SqlSession [org.apache.ibatis.session.defaults.DefaultSqlSession@db9ecd]
分页查询结果 - Total: 6, Records: 5
✅ 分页查询库区成功，总数: 6, 当前页记录数: 5
Transaction synchronization deregistering SqlSession [org.apache.ibatis.session.defaults.DefaultSqlSession@db9ecd]
Transaction synchronization closing SqlSession [org.apache.ibatis.session.defaults.DefaultSqlSession@db9ecd]
]]></system-out>
  </testcase>
  <testcase name="testCreateBin" classname="com.aegis.wms.application.masterdata.service.MasterDataIntegrationTest" time="0.03">
    <system-out><![CDATA[Creating a new SqlSession
Registering transaction synchronization for SqlSession [org.apache.ibatis.session.defaults.DefaultSqlSession@6a7a8e1e]
JDBC Connection [HikariProxyConnection@1823288671 wrapping com.mysql.cj.jdbc.ConnectionImpl@17a89cb1] will be managed by Spring
==>  Preparing: SELECT COUNT( * ) AS total FROM warehouse WHERE deleted=0 AND (warehouse_code = ?)
==> Parameters: TEST_WH_FOR_BIN(String)
<==    Columns: total
<==        Row: 0
<==      Total: 1
Releasing transactional SqlSession [org.apache.ibatis.session.defaults.DefaultSqlSession@6a7a8e1e]
Fetched SqlSession [org.apache.ibatis.session.defaults.DefaultSqlSession@6a7a8e1e] from current transaction
==>  Preparing: INSERT INTO warehouse ( warehouse_code, warehouse_name, address, total_capacity, status, create_time, update_time ) VALUES ( ?, ?, ?, ?, ?, ?, ? )
==> Parameters: TEST_WH_FOR_BIN(String), 仓房测试粮库(String), 仓房测试地址(String), 10000.000(BigDecimal), 1(Integer), null, null
<==    Updates: 1
Releasing transactional SqlSession [org.apache.ibatis.session.defaults.DefaultSqlSession@6a7a8e1e]
Fetched SqlSession [org.apache.ibatis.session.defaults.DefaultSqlSession@6a7a8e1e] from current transaction
==>  Preparing: SELECT id,warehouse_code,warehouse_name,address,total_capacity,status,create_time,update_time,deleted FROM warehouse WHERE id=? AND deleted=0
==> Parameters: 203(Long)
<==    Columns: id, warehouse_code, warehouse_name, address, total_capacity, status, create_time, update_time, deleted
<==        Row: 203, TEST_WH_FOR_BIN, 仓房测试粮库, 仓房测试地址, 10000.000, 1, null, null, 0
<==      Total: 1
Releasing transactional SqlSession [org.apache.ibatis.session.defaults.DefaultSqlSession@6a7a8e1e]
Fetched SqlSession [org.apache.ibatis.session.defaults.DefaultSqlSession@6a7a8e1e] from current transaction
==>  Preparing: SELECT COUNT( * ) AS total FROM bin WHERE deleted=0 AND (warehouse_id = ? AND bin_code = ?)
==> Parameters: 203(Long), TEST_BIN_001(String)
<==    Columns: total
<==        Row: 0
<==      Total: 1
Releasing transactional SqlSession [org.apache.ibatis.session.defaults.DefaultSqlSession@6a7a8e1e]
Fetched SqlSession [org.apache.ibatis.session.defaults.DefaultSqlSession@6a7a8e1e] from current transaction
==>  Preparing: INSERT INTO bin ( warehouse_id, bin_code, bin_name, bin_type, capacity, status, create_time, update_time ) VALUES ( ?, ?, ?, ?, ?, ?, ?, ? )
==> Parameters: 203(Long), TEST_BIN_001(String), 测试01仓(String), 高大平房仓(String), 500.000(BigDecimal), 1(Integer), null, null
<==    Updates: 1
Releasing transactional SqlSession [org.apache.ibatis.session.defaults.DefaultSqlSession@6a7a8e1e]
✅ 创建仓房成功，ID: 124
Transaction synchronization deregistering SqlSession [org.apache.ibatis.session.defaults.DefaultSqlSession@6a7a8e1e]
Transaction synchronization closing SqlSession [org.apache.ibatis.session.defaults.DefaultSqlSession@6a7a8e1e]
]]></system-out>
  </testcase>
  <testcase name="testGetBinById" classname="com.aegis.wms.application.masterdata.service.MasterDataIntegrationTest" time="0.046">
    <system-out><![CDATA[Creating a new SqlSession
Registering transaction synchronization for SqlSession [org.apache.ibatis.session.defaults.DefaultSqlSession@58477355]
JDBC Connection [HikariProxyConnection@297120242 wrapping com.mysql.cj.jdbc.ConnectionImpl@17a89cb1] will be managed by Spring
==>  Preparing: SELECT COUNT( * ) AS total FROM warehouse WHERE deleted=0 AND (warehouse_code = ?)
==> Parameters: TEST_WH_BIN_QUERY(String)
<==    Columns: total
<==        Row: 0
<==      Total: 1
Releasing transactional SqlSession [org.apache.ibatis.session.defaults.DefaultSqlSession@58477355]
Fetched SqlSession [org.apache.ibatis.session.defaults.DefaultSqlSession@58477355] from current transaction
==>  Preparing: INSERT INTO warehouse ( warehouse_code, warehouse_name, address, total_capacity, status, create_time, update_time ) VALUES ( ?, ?, ?, ?, ?, ?, ? )
==> Parameters: TEST_WH_BIN_QUERY(String), 仓房查询测试粮库(String), 测试地址(String), 10000.000(BigDecimal), 1(Integer), null, null
<==    Updates: 1
Releasing transactional SqlSession [org.apache.ibatis.session.defaults.DefaultSqlSession@58477355]
Fetched SqlSession [org.apache.ibatis.session.defaults.DefaultSqlSession@58477355] from current transaction
==>  Preparing: SELECT id,warehouse_code,warehouse_name,address,total_capacity,status,create_time,update_time,deleted FROM warehouse WHERE id=? AND deleted=0
==> Parameters: 204(Long)
<==    Columns: id, warehouse_code, warehouse_name, address, total_capacity, status, create_time, update_time, deleted
<==        Row: 204, TEST_WH_BIN_QUERY, 仓房查询测试粮库, 测试地址, 10000.000, 1, null, null, 0
<==      Total: 1
Releasing transactional SqlSession [org.apache.ibatis.session.defaults.DefaultSqlSession@58477355]
Fetched SqlSession [org.apache.ibatis.session.defaults.DefaultSqlSession@58477355] from current transaction
==>  Preparing: SELECT COUNT( * ) AS total FROM bin WHERE deleted=0 AND (warehouse_id = ? AND bin_code = ?)
==> Parameters: 204(Long), TEST_BIN_QUERY(String)
<==    Columns: total
<==        Row: 0
<==      Total: 1
Releasing transactional SqlSession [org.apache.ibatis.session.defaults.DefaultSqlSession@58477355]
Fetched SqlSession [org.apache.ibatis.session.defaults.DefaultSqlSession@58477355] from current transaction
==>  Preparing: INSERT INTO bin ( warehouse_id, bin_code, bin_name, bin_type, capacity, status, create_time, update_time ) VALUES ( ?, ?, ?, ?, ?, ?, ?, ? )
==> Parameters: 204(Long), TEST_BIN_QUERY(String), 查询测试仓(String), 浅圆仓(String), 300.000(BigDecimal), 1(Integer), null, null
<==    Updates: 1
Releasing transactional SqlSession [org.apache.ibatis.session.defaults.DefaultSqlSession@58477355]
Fetched SqlSession [org.apache.ibatis.session.defaults.DefaultSqlSession@58477355] from current transaction
==>  Preparing: SELECT id,warehouse_id,bin_code,bin_name,bin_type,capacity,status,create_time,update_time,deleted FROM bin WHERE id=? AND deleted=0
==> Parameters: 125(Long)
<==    Columns: id, warehouse_id, bin_code, bin_name, bin_type, capacity, status, create_time, update_time, deleted
<==        Row: 125, 204, TEST_BIN_QUERY, 查询测试仓, 浅圆仓, 300.000, 1, null, null, 0
<==      Total: 1
Releasing transactional SqlSession [org.apache.ibatis.session.defaults.DefaultSqlSession@58477355]
Fetched SqlSession [org.apache.ibatis.session.defaults.DefaultSqlSession@58477355] from current transaction
==>  Preparing: SELECT id,warehouse_code,warehouse_name,address,total_capacity,status,create_time,update_time,deleted FROM warehouse WHERE id=? AND deleted=0
==> Parameters: 204(Long)
<==    Columns: id, warehouse_code, warehouse_name, address, total_capacity, status, create_time, update_time, deleted
<==        Row: 204, TEST_WH_BIN_QUERY, 仓房查询测试粮库, 测试地址, 10000.000, 1, null, null, 0
<==      Total: 1
Releasing transactional SqlSession [org.apache.ibatis.session.defaults.DefaultSqlSession@58477355]
✅ 查询仓房成功，仓房: 查询测试仓, 所属库区: 仓房查询测试粮库
Transaction synchronization deregistering SqlSession [org.apache.ibatis.session.defaults.DefaultSqlSession@58477355]
Transaction synchronization closing SqlSession [org.apache.ibatis.session.defaults.DefaultSqlSession@58477355]
]]></system-out>
  </testcase>
  <testcase name="testListBinsByWarehouseId" classname="com.aegis.wms.application.masterdata.service.MasterDataIntegrationTest" time="0.052">
    <system-out><![CDATA[Creating a new SqlSession
Registering transaction synchronization for SqlSession [org.apache.ibatis.session.defaults.DefaultSqlSession@282c3aa0]
JDBC Connection [HikariProxyConnection@1862345909 wrapping com.mysql.cj.jdbc.ConnectionImpl@17a89cb1] will be managed by Spring
==>  Preparing: SELECT COUNT( * ) AS total FROM warehouse WHERE deleted=0 AND (warehouse_code = ?)
==> Parameters: TEST_WH_BIN_LIST(String)
<==    Columns: total
<==        Row: 0
<==      Total: 1
Releasing transactional SqlSession [org.apache.ibatis.session.defaults.DefaultSqlSession@282c3aa0]
Fetched SqlSession [org.apache.ibatis.session.defaults.DefaultSqlSession@282c3aa0] from current transaction
==>  Preparing: INSERT INTO warehouse ( warehouse_code, warehouse_name, address, total_capacity, status, create_time, update_time ) VALUES ( ?, ?, ?, ?, ?, ?, ? )
==> Parameters: TEST_WH_BIN_LIST(String), 仓房列表测试粮库(String), 测试地址(String), 10000.000(BigDecimal), 1(Integer), null, null
<==    Updates: 1
Releasing transactional SqlSession [org.apache.ibatis.session.defaults.DefaultSqlSession@282c3aa0]
Fetched SqlSession [org.apache.ibatis.session.defaults.DefaultSqlSession@282c3aa0] from current transaction
==>  Preparing: SELECT id,warehouse_code,warehouse_name,address,total_capacity,status,create_time,update_time,deleted FROM warehouse WHERE id=? AND deleted=0
==> Parameters: 205(Long)
<==    Columns: id, warehouse_code, warehouse_name, address, total_capacity, status, create_time, update_time, deleted
<==        Row: 205, TEST_WH_BIN_LIST, 仓房列表测试粮库, 测试地址, 10000.000, 1, null, null, 0
<==      Total: 1
Releasing transactional SqlSession [org.apache.ibatis.session.defaults.DefaultSqlSession@282c3aa0]
Fetched SqlSession [org.apache.ibatis.session.defaults.DefaultSqlSession@282c3aa0] from current transaction
==>  Preparing: SELECT COUNT( * ) AS total FROM bin WHERE deleted=0 AND (warehouse_id = ? AND bin_code = ?)
==> Parameters: 205(Long), TEST_BIN_LIST_1(String)
<==    Columns: total
<==        Row: 0
<==      Total: 1
Releasing transactional SqlSession [org.apache.ibatis.session.defaults.DefaultSqlSession@282c3aa0]
Fetched SqlSession [org.apache.ibatis.session.defaults.DefaultSqlSession@282c3aa0] from current transaction
==>  Preparing: INSERT INTO bin ( warehouse_id, bin_code, bin_name, bin_type, capacity, status, create_time, update_time ) VALUES ( ?, ?, ?, ?, ?, ?, ?, ? )
==> Parameters: 205(Long), TEST_BIN_LIST_1(String), 列表测试仓_1(String), 高大平房仓(String), 200.000(BigDecimal), 1(Integer), null, null
<==    Updates: 1
Releasing transactional SqlSession [org.apache.ibatis.session.defaults.DefaultSqlSession@282c3aa0]
Fetched SqlSession [org.apache.ibatis.session.defaults.DefaultSqlSession@282c3aa0] from current transaction
==>  Preparing: SELECT id,warehouse_code,warehouse_name,address,total_capacity,status,create_time,update_time,deleted FROM warehouse WHERE id=? AND deleted=0
==> Parameters: 205(Long)
<==    Columns: id, warehouse_code, warehouse_name, address, total_capacity, status, create_time, update_time, deleted
<==        Row: 205, TEST_WH_BIN_LIST, 仓房列表测试粮库, 测试地址, 10000.000, 1, null, null, 0
<==      Total: 1
Releasing transactional SqlSession [org.apache.ibatis.session.defaults.DefaultSqlSession@282c3aa0]
Fetched SqlSession [org.apache.ibatis.session.defaults.DefaultSqlSession@282c3aa0] from current transaction
==>  Preparing: SELECT COUNT( * ) AS total FROM bin WHERE deleted=0 AND (warehouse_id = ? AND bin_code = ?)
==> Parameters: 205(Long), TEST_BIN_LIST_2(String)
<==    Columns: total
<==        Row: 0
<==      Total: 1
Releasing transactional SqlSession [org.apache.ibatis.session.defaults.DefaultSqlSession@282c3aa0]
Fetched SqlSession [org.apache.ibatis.session.defaults.DefaultSqlSession@282c3aa0] from current transaction
==>  Preparing: INSERT INTO bin ( warehouse_id, bin_code, bin_name, bin_type, capacity, status, create_time, update_time ) VALUES ( ?, ?, ?, ?, ?, ?, ?, ? )
==> Parameters: 205(Long), TEST_BIN_LIST_2(String), 列表测试仓_2(String), 高大平房仓(String), 200.000(BigDecimal), 1(Integer), null, null
<==    Updates: 1
Releasing transactional SqlSession [org.apache.ibatis.session.defaults.DefaultSqlSession@282c3aa0]
Fetched SqlSession [org.apache.ibatis.session.defaults.DefaultSqlSession@282c3aa0] from current transaction
==>  Preparing: SELECT id,warehouse_code,warehouse_name,address,total_capacity,status,create_time,update_time,deleted FROM warehouse WHERE id=? AND deleted=0
==> Parameters: 205(Long)
<==    Columns: id, warehouse_code, warehouse_name, address, total_capacity, status, create_time, update_time, deleted
<==        Row: 205, TEST_WH_BIN_LIST, 仓房列表测试粮库, 测试地址, 10000.000, 1, null, null, 0
<==      Total: 1
Releasing transactional SqlSession [org.apache.ibatis.session.defaults.DefaultSqlSession@282c3aa0]
Fetched SqlSession [org.apache.ibatis.session.defaults.DefaultSqlSession@282c3aa0] from current transaction
==>  Preparing: SELECT COUNT( * ) AS total FROM bin WHERE deleted=0 AND (warehouse_id = ? AND bin_code = ?)
==> Parameters: 205(Long), TEST_BIN_LIST_3(String)
<==    Columns: total
<==        Row: 0
<==      Total: 1
Releasing transactional SqlSession [org.apache.ibatis.session.defaults.DefaultSqlSession@282c3aa0]
Fetched SqlSession [org.apache.ibatis.session.defaults.DefaultSqlSession@282c3aa0] from current transaction
==>  Preparing: INSERT INTO bin ( warehouse_id, bin_code, bin_name, bin_type, capacity, status, create_time, update_time ) VALUES ( ?, ?, ?, ?, ?, ?, ?, ? )
==> Parameters: 205(Long), TEST_BIN_LIST_3(String), 列表测试仓_3(String), 高大平房仓(String), 200.000(BigDecimal), 1(Integer), null, null
<==    Updates: 1
Releasing transactional SqlSession [org.apache.ibatis.session.defaults.DefaultSqlSession@282c3aa0]
Fetched SqlSession [org.apache.ibatis.session.defaults.DefaultSqlSession@282c3aa0] from current transaction
==>  Preparing: SELECT id,warehouse_id,bin_code,bin_name,bin_type,capacity,status,create_time,update_time,deleted FROM bin WHERE deleted=0 AND (warehouse_id = ?) ORDER BY bin_code ASC
==> Parameters: 205(Long)
<==    Columns: id, warehouse_id, bin_code, bin_name, bin_type, capacity, status, create_time, update_time, deleted
<==        Row: 126, 205, TEST_BIN_LIST_1, 列表测试仓_1, 高大平房仓, 200.000, 1, null, null, 0
<==        Row: 127, 205, TEST_BIN_LIST_2, 列表测试仓_2, 高大平房仓, 200.000, 1, null, null, 0
<==        Row: 128, 205, TEST_BIN_LIST_3, 列表测试仓_3, 高大平房仓, 200.000, 1, null, null, 0
<==      Total: 3
Releasing transactional SqlSession [org.apache.ibatis.session.defaults.DefaultSqlSession@282c3aa0]
Fetched SqlSession [org.apache.ibatis.session.defaults.DefaultSqlSession@282c3aa0] from current transaction
==>  Preparing: SELECT id,warehouse_code,warehouse_name,address,total_capacity,status,create_time,update_time,deleted FROM warehouse WHERE id IN ( ? ) AND deleted=0
==> Parameters: 205(Long)
<==    Columns: id, warehouse_code, warehouse_name, address, total_capacity, status, create_time, update_time, deleted
<==        Row: 205, TEST_WH_BIN_LIST, 仓房列表测试粮库, 测试地址, 10000.000, 1, null, null, 0
<==      Total: 1
Releasing transactional SqlSession [org.apache.ibatis.session.defaults.DefaultSqlSession@282c3aa0]
✅ 根据库区查询仓房列表成功，数量: 3
Transaction synchronization deregistering SqlSession [org.apache.ibatis.session.defaults.DefaultSqlSession@282c3aa0]
Transaction synchronization closing SqlSession [org.apache.ibatis.session.defaults.DefaultSqlSession@282c3aa0]
]]></system-out>
  </testcase>
  <testcase name="testCreatePosition" classname="com.aegis.wms.application.masterdata.service.MasterDataIntegrationTest" time="0.036">
    <system-out><![CDATA[Creating a new SqlSession
Registering transaction synchronization for SqlSession [org.apache.ibatis.session.defaults.DefaultSqlSession@7fe1a856]
JDBC Connection [HikariProxyConnection@18845028 wrapping com.mysql.cj.jdbc.ConnectionImpl@17a89cb1] will be managed by Spring
==>  Preparing: SELECT COUNT( * ) AS total FROM warehouse WHERE deleted=0 AND (warehouse_code = ?)
==> Parameters: TEST_WH_FOR_POS(String)
<==    Columns: total
<==        Row: 0
<==      Total: 1
Releasing transactional SqlSession [org.apache.ibatis.session.defaults.DefaultSqlSession@7fe1a856]
Fetched SqlSession [org.apache.ibatis.session.defaults.DefaultSqlSession@7fe1a856] from current transaction
==>  Preparing: INSERT INTO warehouse ( warehouse_code, warehouse_name, address, total_capacity, status, create_time, update_time ) VALUES ( ?, ?, ?, ?, ?, ?, ? )
==> Parameters: TEST_WH_FOR_POS(String), 货位测试粮库(String), 测试地址(String), 10000.000(BigDecimal), 1(Integer), null, null
<==    Updates: 1
Releasing transactional SqlSession [org.apache.ibatis.session.defaults.DefaultSqlSession@7fe1a856]
Fetched SqlSession [org.apache.ibatis.session.defaults.DefaultSqlSession@7fe1a856] from current transaction
==>  Preparing: SELECT id,warehouse_code,warehouse_name,address,total_capacity,status,create_time,update_time,deleted FROM warehouse WHERE id=? AND deleted=0
==> Parameters: 206(Long)
<==    Columns: id, warehouse_code, warehouse_name, address, total_capacity, status, create_time, update_time, deleted
<==        Row: 206, TEST_WH_FOR_POS, 货位测试粮库, 测试地址, 10000.000, 1, null, null, 0
<==      Total: 1
Releasing transactional SqlSession [org.apache.ibatis.session.defaults.DefaultSqlSession@7fe1a856]
Fetched SqlSession [org.apache.ibatis.session.defaults.DefaultSqlSession@7fe1a856] from current transaction
==>  Preparing: SELECT COUNT( * ) AS total FROM bin WHERE deleted=0 AND (warehouse_id = ? AND bin_code = ?)
==> Parameters: 206(Long), TEST_BIN_FOR_POS(String)
<==    Columns: total
<==        Row: 0
<==      Total: 1
Releasing transactional SqlSession [org.apache.ibatis.session.defaults.DefaultSqlSession@7fe1a856]
Fetched SqlSession [org.apache.ibatis.session.defaults.DefaultSqlSession@7fe1a856] from current transaction
==>  Preparing: INSERT INTO bin ( warehouse_id, bin_code, bin_name, bin_type, capacity, status, create_time, update_time ) VALUES ( ?, ?, ?, ?, ?, ?, ?, ? )
==> Parameters: 206(Long), TEST_BIN_FOR_POS(String), 货位测试仓(String), 高大平房仓(String), 500.000(BigDecimal), 1(Integer), null, null
<==    Updates: 1
Releasing transactional SqlSession [org.apache.ibatis.session.defaults.DefaultSqlSession@7fe1a856]
Fetched SqlSession [org.apache.ibatis.session.defaults.DefaultSqlSession@7fe1a856] from current transaction
==>  Preparing: SELECT id,warehouse_id,bin_code,bin_name,bin_type,capacity,status,create_time,update_time,deleted FROM bin WHERE id=? AND deleted=0
==> Parameters: 129(Long)
<==    Columns: id, warehouse_id, bin_code, bin_name, bin_type, capacity, status, create_time, update_time, deleted
<==        Row: 129, 206, TEST_BIN_FOR_POS, 货位测试仓, 高大平房仓, 500.000, 1, null, null, 0
<==      Total: 1
Releasing transactional SqlSession [org.apache.ibatis.session.defaults.DefaultSqlSession@7fe1a856]
Fetched SqlSession [org.apache.ibatis.session.defaults.DefaultSqlSession@7fe1a856] from current transaction
==>  Preparing: SELECT COUNT( * ) AS total FROM position WHERE deleted=0 AND (bin_id = ? AND position_code = ?)
==> Parameters: 129(Long), TEST_POS_001(String)
<==    Columns: total
<==        Row: 0
<==      Total: 1
Releasing transactional SqlSession [org.apache.ibatis.session.defaults.DefaultSqlSession@7fe1a856]
Fetched SqlSession [org.apache.ibatis.session.defaults.DefaultSqlSession@7fe1a856] from current transaction
==>  Preparing: INSERT INTO position ( bin_id, warehouse_id, position_code, position_name, capacity, status, create_time, update_time ) VALUES ( ?, ?, ?, ?, ?, ?, ?, ? )
==> Parameters: 129(Long), 206(Long), TEST_POS_001(String), 测试A区(String), 100.000(BigDecimal), 1(Integer), null, null
<==    Updates: 1
Releasing transactional SqlSession [org.apache.ibatis.session.defaults.DefaultSqlSession@7fe1a856]
✅ 创建货位成功，ID: 83
Transaction synchronization deregistering SqlSession [org.apache.ibatis.session.defaults.DefaultSqlSession@7fe1a856]
Transaction synchronization closing SqlSession [org.apache.ibatis.session.defaults.DefaultSqlSession@7fe1a856]
]]></system-out>
  </testcase>
  <testcase name="testGetPositionById" classname="com.aegis.wms.application.masterdata.service.MasterDataIntegrationTest" time="0.05">
    <system-out><![CDATA[Creating a new SqlSession
Registering transaction synchronization for SqlSession [org.apache.ibatis.session.defaults.DefaultSqlSession@1c71d704]
JDBC Connection [HikariProxyConnection@224238994 wrapping com.mysql.cj.jdbc.ConnectionImpl@17a89cb1] will be managed by Spring
==>  Preparing: SELECT COUNT( * ) AS total FROM warehouse WHERE deleted=0 AND (warehouse_code = ?)
==> Parameters: TEST_WH_POS_QUERY(String)
<==    Columns: total
<==        Row: 0
<==      Total: 1
Releasing transactional SqlSession [org.apache.ibatis.session.defaults.DefaultSqlSession@1c71d704]
Fetched SqlSession [org.apache.ibatis.session.defaults.DefaultSqlSession@1c71d704] from current transaction
==>  Preparing: INSERT INTO warehouse ( warehouse_code, warehouse_name, address, total_capacity, status, create_time, update_time ) VALUES ( ?, ?, ?, ?, ?, ?, ? )
==> Parameters: TEST_WH_POS_QUERY(String), 货位查询测试粮库(String), 测试地址(String), 10000.000(BigDecimal), 1(Integer), null, null
<==    Updates: 1
Releasing transactional SqlSession [org.apache.ibatis.session.defaults.DefaultSqlSession@1c71d704]
Fetched SqlSession [org.apache.ibatis.session.defaults.DefaultSqlSession@1c71d704] from current transaction
==>  Preparing: SELECT id,warehouse_code,warehouse_name,address,total_capacity,status,create_time,update_time,deleted FROM warehouse WHERE id=? AND deleted=0
==> Parameters: 207(Long)
<==    Columns: id, warehouse_code, warehouse_name, address, total_capacity, status, create_time, update_time, deleted
<==        Row: 207, TEST_WH_POS_QUERY, 货位查询测试粮库, 测试地址, 10000.000, 1, null, null, 0
<==      Total: 1
Releasing transactional SqlSession [org.apache.ibatis.session.defaults.DefaultSqlSession@1c71d704]
Fetched SqlSession [org.apache.ibatis.session.defaults.DefaultSqlSession@1c71d704] from current transaction
==>  Preparing: SELECT COUNT( * ) AS total FROM bin WHERE deleted=0 AND (warehouse_id = ? AND bin_code = ?)
==> Parameters: 207(Long), TEST_BIN_POS_QUERY(String)
<==    Columns: total
<==        Row: 0
<==      Total: 1
Releasing transactional SqlSession [org.apache.ibatis.session.defaults.DefaultSqlSession@1c71d704]
Fetched SqlSession [org.apache.ibatis.session.defaults.DefaultSqlSession@1c71d704] from current transaction
==>  Preparing: INSERT INTO bin ( warehouse_id, bin_code, bin_name, bin_type, capacity, status, create_time, update_time ) VALUES ( ?, ?, ?, ?, ?, ?, ?, ? )
==> Parameters: 207(Long), TEST_BIN_POS_QUERY(String), 货位查询测试仓(String), 浅圆仓(String), 300.000(BigDecimal), 1(Integer), null, null
<==    Updates: 1
Releasing transactional SqlSession [org.apache.ibatis.session.defaults.DefaultSqlSession@1c71d704]
Fetched SqlSession [org.apache.ibatis.session.defaults.DefaultSqlSession@1c71d704] from current transaction
==>  Preparing: SELECT id,warehouse_id,bin_code,bin_name,bin_type,capacity,status,create_time,update_time,deleted FROM bin WHERE id=? AND deleted=0
==> Parameters: 130(Long)
<==    Columns: id, warehouse_id, bin_code, bin_name, bin_type, capacity, status, create_time, update_time, deleted
<==        Row: 130, 207, TEST_BIN_POS_QUERY, 货位查询测试仓, 浅圆仓, 300.000, 1, null, null, 0
<==      Total: 1
Releasing transactional SqlSession [org.apache.ibatis.session.defaults.DefaultSqlSession@1c71d704]
Fetched SqlSession [org.apache.ibatis.session.defaults.DefaultSqlSession@1c71d704] from current transaction
==>  Preparing: SELECT COUNT( * ) AS total FROM position WHERE deleted=0 AND (bin_id = ? AND position_code = ?)
==> Parameters: 130(Long), TEST_POS_QUERY(String)
<==    Columns: total
<==        Row: 0
<==      Total: 1
Releasing transactional SqlSession [org.apache.ibatis.session.defaults.DefaultSqlSession@1c71d704]
Fetched SqlSession [org.apache.ibatis.session.defaults.DefaultSqlSession@1c71d704] from current transaction
==>  Preparing: INSERT INTO position ( bin_id, warehouse_id, position_code, position_name, capacity, status, create_time, update_time ) VALUES ( ?, ?, ?, ?, ?, ?, ?, ? )
==> Parameters: 130(Long), 207(Long), TEST_POS_QUERY(String), 查询测试区(String), 50.000(BigDecimal), 1(Integer), null, null
<==    Updates: 1
Releasing transactional SqlSession [org.apache.ibatis.session.defaults.DefaultSqlSession@1c71d704]
Fetched SqlSession [org.apache.ibatis.session.defaults.DefaultSqlSession@1c71d704] from current transaction
==>  Preparing: SELECT id,bin_id,warehouse_id,position_code,position_name,capacity,status,create_time,update_time,deleted FROM position WHERE id=? AND deleted=0
==> Parameters: 84(Long)
<==    Columns: id, bin_id, warehouse_id, position_code, position_name, capacity, status, create_time, update_time, deleted
<==        Row: 84, 130, 207, TEST_POS_QUERY, 查询测试区, 50.000, 1, null, null, 0
<==      Total: 1
Releasing transactional SqlSession [org.apache.ibatis.session.defaults.DefaultSqlSession@1c71d704]
Fetched SqlSession [org.apache.ibatis.session.defaults.DefaultSqlSession@1c71d704] from current transaction
==>  Preparing: SELECT id,warehouse_id,bin_code,bin_name,bin_type,capacity,status,create_time,update_time,deleted FROM bin WHERE id=? AND deleted=0
==> Parameters: 130(Long)
<==    Columns: id, warehouse_id, bin_code, bin_name, bin_type, capacity, status, create_time, update_time, deleted
<==        Row: 130, 207, TEST_BIN_POS_QUERY, 货位查询测试仓, 浅圆仓, 300.000, 1, null, null, 0
<==      Total: 1
Releasing transactional SqlSession [org.apache.ibatis.session.defaults.DefaultSqlSession@1c71d704]
Fetched SqlSession [org.apache.ibatis.session.defaults.DefaultSqlSession@1c71d704] from current transaction
==>  Preparing: SELECT id,warehouse_code,warehouse_name,address,total_capacity,status,create_time,update_time,deleted FROM warehouse WHERE id=? AND deleted=0
==> Parameters: 207(Long)
<==    Columns: id, warehouse_code, warehouse_name, address, total_capacity, status, create_time, update_time, deleted
<==        Row: 207, TEST_WH_POS_QUERY, 货位查询测试粮库, 测试地址, 10000.000, 1, null, null, 0
<==      Total: 1
Releasing transactional SqlSession [org.apache.ibatis.session.defaults.DefaultSqlSession@1c71d704]
✅ 查询货位成功，货位: 查询测试区, 所属仓房: TEST_BIN_POS_QUERY, 所属库区: 货位查询测试粮库
Transaction synchronization deregistering SqlSession [org.apache.ibatis.session.defaults.DefaultSqlSession@1c71d704]
Transaction synchronization closing SqlSession [org.apache.ibatis.session.defaults.DefaultSqlSession@1c71d704]
]]></system-out>
  </testcase>
  <testcase name="testListPositionsByBinId" classname="com.aegis.wms.application.masterdata.service.MasterDataIntegrationTest" time="0.052">
    <system-out><![CDATA[Creating a new SqlSession
Registering transaction synchronization for SqlSession [org.apache.ibatis.session.defaults.DefaultSqlSession@708ddfd3]
JDBC Connection [HikariProxyConnection@816008967 wrapping com.mysql.cj.jdbc.ConnectionImpl@17a89cb1] will be managed by Spring
==>  Preparing: SELECT COUNT( * ) AS total FROM warehouse WHERE deleted=0 AND (warehouse_code = ?)
==> Parameters: TEST_WH_POS_LIST(String)
<==    Columns: total
<==        Row: 0
<==      Total: 1
Releasing transactional SqlSession [org.apache.ibatis.session.defaults.DefaultSqlSession@708ddfd3]
Fetched SqlSession [org.apache.ibatis.session.defaults.DefaultSqlSession@708ddfd3] from current transaction
==>  Preparing: INSERT INTO warehouse ( warehouse_code, warehouse_name, address, total_capacity, status, create_time, update_time ) VALUES ( ?, ?, ?, ?, ?, ?, ? )
==> Parameters: TEST_WH_POS_LIST(String), 货位列表测试粮库(String), 测试地址(String), 10000.000(BigDecimal), 1(Integer), null, null
<==    Updates: 1
Releasing transactional SqlSession [org.apache.ibatis.session.defaults.DefaultSqlSession@708ddfd3]
Fetched SqlSession [org.apache.ibatis.session.defaults.DefaultSqlSession@708ddfd3] from current transaction
==>  Preparing: SELECT id,warehouse_code,warehouse_name,address,total_capacity,status,create_time,update_time,deleted FROM warehouse WHERE id=? AND deleted=0
==> Parameters: 208(Long)
<==    Columns: id, warehouse_code, warehouse_name, address, total_capacity, status, create_time, update_time, deleted
<==        Row: 208, TEST_WH_POS_LIST, 货位列表测试粮库, 测试地址, 10000.000, 1, null, null, 0
<==      Total: 1
Releasing transactional SqlSession [org.apache.ibatis.session.defaults.DefaultSqlSession@708ddfd3]
Fetched SqlSession [org.apache.ibatis.session.defaults.DefaultSqlSession@708ddfd3] from current transaction
==>  Preparing: SELECT COUNT( * ) AS total FROM bin WHERE deleted=0 AND (warehouse_id = ? AND bin_code = ?)
==> Parameters: 208(Long), TEST_BIN_POS_LIST(String)
<==    Columns: total
<==        Row: 0
<==      Total: 1
Releasing transactional SqlSession [org.apache.ibatis.session.defaults.DefaultSqlSession@708ddfd3]
Fetched SqlSession [org.apache.ibatis.session.defaults.DefaultSqlSession@708ddfd3] from current transaction
==>  Preparing: INSERT INTO bin ( warehouse_id, bin_code, bin_name, bin_type, capacity, status, create_time, update_time ) VALUES ( ?, ?, ?, ?, ?, ?, ?, ? )
==> Parameters: 208(Long), TEST_BIN_POS_LIST(String), 货位列表测试仓(String), 高大平房仓(String), 300.000(BigDecimal), 1(Integer), null, null
<==    Updates: 1
Releasing transactional SqlSession [org.apache.ibatis.session.defaults.DefaultSqlSession@708ddfd3]
Fetched SqlSession [org.apache.ibatis.session.defaults.DefaultSqlSession@708ddfd3] from current transaction
==>  Preparing: SELECT id,warehouse_id,bin_code,bin_name,bin_type,capacity,status,create_time,update_time,deleted FROM bin WHERE id=? AND deleted=0
==> Parameters: 131(Long)
<==    Columns: id, warehouse_id, bin_code, bin_name, bin_type, capacity, status, create_time, update_time, deleted
<==        Row: 131, 208, TEST_BIN_POS_LIST, 货位列表测试仓, 高大平房仓, 300.000, 1, null, null, 0
<==      Total: 1
Releasing transactional SqlSession [org.apache.ibatis.session.defaults.DefaultSqlSession@708ddfd3]
Fetched SqlSession [org.apache.ibatis.session.defaults.DefaultSqlSession@708ddfd3] from current transaction
==>  Preparing: SELECT COUNT( * ) AS total FROM position WHERE deleted=0 AND (bin_id = ? AND position_code = ?)
==> Parameters: 131(Long), TEST_POS_LIST_1(String)
<==    Columns: total
<==        Row: 0
<==      Total: 1
Releasing transactional SqlSession [org.apache.ibatis.session.defaults.DefaultSqlSession@708ddfd3]
Fetched SqlSession [org.apache.ibatis.session.defaults.DefaultSqlSession@708ddfd3] from current transaction
==>  Preparing: INSERT INTO position ( bin_id, warehouse_id, position_code, position_name, capacity, status, create_time, update_time ) VALUES ( ?, ?, ?, ?, ?, ?, ?, ? )
==> Parameters: 131(Long), 208(Long), TEST_POS_LIST_1(String), 列表测试区_1(String), 50.000(BigDecimal), 1(Integer), null, null
<==    Updates: 1
Releasing transactional SqlSession [org.apache.ibatis.session.defaults.DefaultSqlSession@708ddfd3]
Fetched SqlSession [org.apache.ibatis.session.defaults.DefaultSqlSession@708ddfd3] from current transaction
==>  Preparing: SELECT id,warehouse_id,bin_code,bin_name,bin_type,capacity,status,create_time,update_time,deleted FROM bin WHERE id=? AND deleted=0
==> Parameters: 131(Long)
<==    Columns: id, warehouse_id, bin_code, bin_name, bin_type, capacity, status, create_time, update_time, deleted
<==        Row: 131, 208, TEST_BIN_POS_LIST, 货位列表测试仓, 高大平房仓, 300.000, 1, null, null, 0
<==      Total: 1
Releasing transactional SqlSession [org.apache.ibatis.session.defaults.DefaultSqlSession@708ddfd3]
Fetched SqlSession [org.apache.ibatis.session.defaults.DefaultSqlSession@708ddfd3] from current transaction
==>  Preparing: SELECT COUNT( * ) AS total FROM position WHERE deleted=0 AND (bin_id = ? AND position_code = ?)
==> Parameters: 131(Long), TEST_POS_LIST_2(String)
<==    Columns: total
<==        Row: 0
<==      Total: 1
Releasing transactional SqlSession [org.apache.ibatis.session.defaults.DefaultSqlSession@708ddfd3]
Fetched SqlSession [org.apache.ibatis.session.defaults.DefaultSqlSession@708ddfd3] from current transaction
==>  Preparing: INSERT INTO position ( bin_id, warehouse_id, position_code, position_name, capacity, status, create_time, update_time ) VALUES ( ?, ?, ?, ?, ?, ?, ?, ? )
==> Parameters: 131(Long), 208(Long), TEST_POS_LIST_2(String), 列表测试区_2(String), 50.000(BigDecimal), 1(Integer), null, null
<==    Updates: 1
Releasing transactional SqlSession [org.apache.ibatis.session.defaults.DefaultSqlSession@708ddfd3]
Fetched SqlSession [org.apache.ibatis.session.defaults.DefaultSqlSession@708ddfd3] from current transaction
==>  Preparing: SELECT id,warehouse_id,bin_code,bin_name,bin_type,capacity,status,create_time,update_time,deleted FROM bin WHERE id=? AND deleted=0
==> Parameters: 131(Long)
<==    Columns: id, warehouse_id, bin_code, bin_name, bin_type, capacity, status, create_time, update_time, deleted
<==        Row: 131, 208, TEST_BIN_POS_LIST, 货位列表测试仓, 高大平房仓, 300.000, 1, null, null, 0
<==      Total: 1
Releasing transactional SqlSession [org.apache.ibatis.session.defaults.DefaultSqlSession@708ddfd3]
Fetched SqlSession [org.apache.ibatis.session.defaults.DefaultSqlSession@708ddfd3] from current transaction
==>  Preparing: SELECT COUNT( * ) AS total FROM position WHERE deleted=0 AND (bin_id = ? AND position_code = ?)
==> Parameters: 131(Long), TEST_POS_LIST_3(String)
<==    Columns: total
<==        Row: 0
<==      Total: 1
Releasing transactional SqlSession [org.apache.ibatis.session.defaults.DefaultSqlSession@708ddfd3]
Fetched SqlSession [org.apache.ibatis.session.defaults.DefaultSqlSession@708ddfd3] from current transaction
==>  Preparing: INSERT INTO position ( bin_id, warehouse_id, position_code, position_name, capacity, status, create_time, update_time ) VALUES ( ?, ?, ?, ?, ?, ?, ?, ? )
==> Parameters: 131(Long), 208(Long), TEST_POS_LIST_3(String), 列表测试区_3(String), 50.000(BigDecimal), 1(Integer), null, null
<==    Updates: 1
Releasing transactional SqlSession [org.apache.ibatis.session.defaults.DefaultSqlSession@708ddfd3]
Fetched SqlSession [org.apache.ibatis.session.defaults.DefaultSqlSession@708ddfd3] from current transaction
==>  Preparing: SELECT id,bin_id,warehouse_id,position_code,position_name,capacity,status,create_time,update_time,deleted FROM position WHERE deleted=0 AND (bin_id = ?) ORDER BY position_code ASC
==> Parameters: 131(Long)
<==    Columns: id, bin_id, warehouse_id, position_code, position_name, capacity, status, create_time, update_time, deleted
<==        Row: 85, 131, 208, TEST_POS_LIST_1, 列表测试区_1, 50.000, 1, null, null, 0
<==        Row: 86, 131, 208, TEST_POS_LIST_2, 列表测试区_2, 50.000, 1, null, null, 0
<==        Row: 87, 131, 208, TEST_POS_LIST_3, 列表测试区_3, 50.000, 1, null, null, 0
<==      Total: 3
Releasing transactional SqlSession [org.apache.ibatis.session.defaults.DefaultSqlSession@708ddfd3]
Fetched SqlSession [org.apache.ibatis.session.defaults.DefaultSqlSession@708ddfd3] from current transaction
==>  Preparing: SELECT id,warehouse_id,bin_code,bin_name,bin_type,capacity,status,create_time,update_time,deleted FROM bin WHERE id IN ( ? ) AND deleted=0
==> Parameters: 131(Long)
<==    Columns: id, warehouse_id, bin_code, bin_name, bin_type, capacity, status, create_time, update_time, deleted
<==        Row: 131, 208, TEST_BIN_POS_LIST, 货位列表测试仓, 高大平房仓, 300.000, 1, null, null, 0
<==      Total: 1
Releasing transactional SqlSession [org.apache.ibatis.session.defaults.DefaultSqlSession@708ddfd3]
Fetched SqlSession [org.apache.ibatis.session.defaults.DefaultSqlSession@708ddfd3] from current transaction
==>  Preparing: SELECT id,warehouse_code,warehouse_name,address,total_capacity,status,create_time,update_time,deleted FROM warehouse WHERE id IN ( ? ) AND deleted=0
==> Parameters: 208(Long)
<==    Columns: id, warehouse_code, warehouse_name, address, total_capacity, status, create_time, update_time, deleted
<==        Row: 208, TEST_WH_POS_LIST, 货位列表测试粮库, 测试地址, 10000.000, 1, null, null, 0
<==      Total: 1
Releasing transactional SqlSession [org.apache.ibatis.session.defaults.DefaultSqlSession@708ddfd3]
✅ 根据仓房查询货位列表成功，数量: 3
Transaction synchronization deregistering SqlSession [org.apache.ibatis.session.defaults.DefaultSqlSession@708ddfd3]
Transaction synchronization closing SqlSession [org.apache.ibatis.session.defaults.DefaultSqlSession@708ddfd3]
]]></system-out>
  </testcase>
  <testcase name="testListCascade" classname="com.aegis.wms.application.masterdata.service.MasterDataIntegrationTest" time="0.057">
    <system-out><![CDATA[Creating a new SqlSession
Registering transaction synchronization for SqlSession [org.apache.ibatis.session.defaults.DefaultSqlSession@26350832]
JDBC Connection [HikariProxyConnection@632802556 wrapping com.mysql.cj.jdbc.ConnectionImpl@17a89cb1] will be managed by Spring
==>  Preparing: SELECT COUNT( * ) AS total FROM warehouse WHERE deleted=0 AND (warehouse_code = ?)
==> Parameters: TEST_WH_CASCADE(String)
<==    Columns: total
<==        Row: 0
<==      Total: 1
Releasing transactional SqlSession [org.apache.ibatis.session.defaults.DefaultSqlSession@26350832]
Fetched SqlSession [org.apache.ibatis.session.defaults.DefaultSqlSession@26350832] from current transaction
==>  Preparing: INSERT INTO warehouse ( warehouse_code, warehouse_name, address, total_capacity, status, create_time, update_time ) VALUES ( ?, ?, ?, ?, ?, ?, ? )
==> Parameters: TEST_WH_CASCADE(String), 级联选择测试粮库(String), 测试地址(String), 10000.000(BigDecimal), 1(Integer), null, null
<==    Updates: 1
Releasing transactional SqlSession [org.apache.ibatis.session.defaults.DefaultSqlSession@26350832]
Fetched SqlSession [org.apache.ibatis.session.defaults.DefaultSqlSession@26350832] from current transaction
==>  Preparing: SELECT id,warehouse_code,warehouse_name,address,total_capacity,status,create_time,update_time,deleted FROM warehouse WHERE id=? AND deleted=0
==> Parameters: 209(Long)
<==    Columns: id, warehouse_code, warehouse_name, address, total_capacity, status, create_time, update_time, deleted
<==        Row: 209, TEST_WH_CASCADE, 级联选择测试粮库, 测试地址, 10000.000, 1, null, null, 0
<==      Total: 1
Releasing transactional SqlSession [org.apache.ibatis.session.defaults.DefaultSqlSession@26350832]
Fetched SqlSession [org.apache.ibatis.session.defaults.DefaultSqlSession@26350832] from current transaction
==>  Preparing: SELECT COUNT( * ) AS total FROM bin WHERE deleted=0 AND (warehouse_id = ? AND bin_code = ?)
==> Parameters: 209(Long), TEST_BIN_CASCADE_1(String)
<==    Columns: total
<==        Row: 0
<==      Total: 1
Releasing transactional SqlSession [org.apache.ibatis.session.defaults.DefaultSqlSession@26350832]
Fetched SqlSession [org.apache.ibatis.session.defaults.DefaultSqlSession@26350832] from current transaction
==>  Preparing: INSERT INTO bin ( warehouse_id, bin_code, bin_name, bin_type, capacity, status, create_time, update_time ) VALUES ( ?, ?, ?, ?, ?, ?, ?, ? )
==> Parameters: 209(Long), TEST_BIN_CASCADE_1(String), 级联测试仓1(String), 高大平房仓(String), 200.000(BigDecimal), 1(Integer), null, null
<==    Updates: 1
Releasing transactional SqlSession [org.apache.ibatis.session.defaults.DefaultSqlSession@26350832]
Fetched SqlSession [org.apache.ibatis.session.defaults.DefaultSqlSession@26350832] from current transaction
==>  Preparing: SELECT id,warehouse_code,warehouse_name,address,total_capacity,status,create_time,update_time,deleted FROM warehouse WHERE id=? AND deleted=0
==> Parameters: 209(Long)
<==    Columns: id, warehouse_code, warehouse_name, address, total_capacity, status, create_time, update_time, deleted
<==        Row: 209, TEST_WH_CASCADE, 级联选择测试粮库, 测试地址, 10000.000, 1, null, null, 0
<==      Total: 1
Releasing transactional SqlSession [org.apache.ibatis.session.defaults.DefaultSqlSession@26350832]
Fetched SqlSession [org.apache.ibatis.session.defaults.DefaultSqlSession@26350832] from current transaction
==>  Preparing: SELECT COUNT( * ) AS total FROM bin WHERE deleted=0 AND (warehouse_id = ? AND bin_code = ?)
==> Parameters: 209(Long), TEST_BIN_CASCADE_2(String)
<==    Columns: total
<==        Row: 0
<==      Total: 1
Releasing transactional SqlSession [org.apache.ibatis.session.defaults.DefaultSqlSession@26350832]
Fetched SqlSession [org.apache.ibatis.session.defaults.DefaultSqlSession@26350832] from current transaction
==>  Preparing: INSERT INTO bin ( warehouse_id, bin_code, bin_name, bin_type, capacity, status, create_time, update_time ) VALUES ( ?, ?, ?, ?, ?, ?, ?, ? )
==> Parameters: 209(Long), TEST_BIN_CASCADE_2(String), 级联测试仓2(String), 浅圆仓(String), 200.000(BigDecimal), 1(Integer), null, null
<==    Updates: 1
Releasing transactional SqlSession [org.apache.ibatis.session.defaults.DefaultSqlSession@26350832]
Fetched SqlSession [org.apache.ibatis.session.defaults.DefaultSqlSession@26350832] from current transaction
==>  Preparing: SELECT id,warehouse_id,bin_code,bin_name,bin_type,capacity,status,create_time,update_time,deleted FROM bin WHERE id=? AND deleted=0
==> Parameters: 132(Long)
<==    Columns: id, warehouse_id, bin_code, bin_name, bin_type, capacity, status, create_time, update_time, deleted
<==        Row: 132, 209, TEST_BIN_CASCADE_1, 级联测试仓1, 高大平房仓, 200.000, 1, null, null, 0
<==      Total: 1
Releasing transactional SqlSession [org.apache.ibatis.session.defaults.DefaultSqlSession@26350832]
Fetched SqlSession [org.apache.ibatis.session.defaults.DefaultSqlSession@26350832] from current transaction
==>  Preparing: SELECT COUNT( * ) AS total FROM position WHERE deleted=0 AND (bin_id = ? AND position_code = ?)
==> Parameters: 132(Long), TEST_POS_CASCADE_1A(String)
<==    Columns: total
<==        Row: 0
<==      Total: 1
Releasing transactional SqlSession [org.apache.ibatis.session.defaults.DefaultSqlSession@26350832]
Fetched SqlSession [org.apache.ibatis.session.defaults.DefaultSqlSession@26350832] from current transaction
==>  Preparing: INSERT INTO position ( bin_id, warehouse_id, position_code, position_name, capacity, status, create_time, update_time ) VALUES ( ?, ?, ?, ?, ?, ?, ?, ? )
==> Parameters: 132(Long), 209(Long), TEST_POS_CASCADE_1A(String), 级联测试区1A(String), 50.000(BigDecimal), 1(Integer), null, null
<==    Updates: 1
Releasing transactional SqlSession [org.apache.ibatis.session.defaults.DefaultSqlSession@26350832]
Fetched SqlSession [org.apache.ibatis.session.defaults.DefaultSqlSession@26350832] from current transaction
==>  Preparing: SELECT id,warehouse_id,bin_code,bin_name,bin_type,capacity,status,create_time,update_time,deleted FROM bin WHERE id=? AND deleted=0
==> Parameters: 133(Long)
<==    Columns: id, warehouse_id, bin_code, bin_name, bin_type, capacity, status, create_time, update_time, deleted
<==        Row: 133, 209, TEST_BIN_CASCADE_2, 级联测试仓2, 浅圆仓, 200.000, 1, null, null, 0
<==      Total: 1
Releasing transactional SqlSession [org.apache.ibatis.session.defaults.DefaultSqlSession@26350832]
Fetched SqlSession [org.apache.ibatis.session.defaults.DefaultSqlSession@26350832] from current transaction
==>  Preparing: SELECT COUNT( * ) AS total FROM position WHERE deleted=0 AND (bin_id = ? AND position_code = ?)
==> Parameters: 133(Long), TEST_POS_CASCADE_2A(String)
<==    Columns: total
<==        Row: 0
<==      Total: 1
Releasing transactional SqlSession [org.apache.ibatis.session.defaults.DefaultSqlSession@26350832]
Fetched SqlSession [org.apache.ibatis.session.defaults.DefaultSqlSession@26350832] from current transaction
==>  Preparing: INSERT INTO position ( bin_id, warehouse_id, position_code, position_name, capacity, status, create_time, update_time ) VALUES ( ?, ?, ?, ?, ?, ?, ?, ? )
==> Parameters: 133(Long), 209(Long), TEST_POS_CASCADE_2A(String), 级联测试区2A(String), 50.000(BigDecimal), 1(Integer), null, null
<==    Updates: 1
Releasing transactional SqlSession [org.apache.ibatis.session.defaults.DefaultSqlSession@26350832]
Fetched SqlSession [org.apache.ibatis.session.defaults.DefaultSqlSession@26350832] from current transaction
==>  Preparing: SELECT id,bin_id,warehouse_id,position_code,position_name,capacity,status,create_time,update_time,deleted FROM position WHERE deleted=0 AND (warehouse_id = ? AND status = ?) ORDER BY position_code ASC
==> Parameters: 209(Long), 1(Integer)
<==    Columns: id, bin_id, warehouse_id, position_code, position_name, capacity, status, create_time, update_time, deleted
<==        Row: 88, 132, 209, TEST_POS_CASCADE_1A, 级联测试区1A, 50.000, 1, null, null, 0
<==        Row: 89, 133, 209, TEST_POS_CASCADE_2A, 级联测试区2A, 50.000, 1, null, null, 0
<==      Total: 2
Releasing transactional SqlSession [org.apache.ibatis.session.defaults.DefaultSqlSession@26350832]
Fetched SqlSession [org.apache.ibatis.session.defaults.DefaultSqlSession@26350832] from current transaction
==>  Preparing: SELECT id,warehouse_id,bin_code,bin_name,bin_type,capacity,status,create_time,update_time,deleted FROM bin WHERE id IN ( ? , ? ) AND deleted=0
==> Parameters: 132(Long), 133(Long)
<==    Columns: id, warehouse_id, bin_code, bin_name, bin_type, capacity, status, create_time, update_time, deleted
<==        Row: 132, 209, TEST_BIN_CASCADE_1, 级联测试仓1, 高大平房仓, 200.000, 1, null, null, 0
<==        Row: 133, 209, TEST_BIN_CASCADE_2, 级联测试仓2, 浅圆仓, 200.000, 1, null, null, 0
<==      Total: 2
Releasing transactional SqlSession [org.apache.ibatis.session.defaults.DefaultSqlSession@26350832]
Fetched SqlSession [org.apache.ibatis.session.defaults.DefaultSqlSession@26350832] from current transaction
==>  Preparing: SELECT id,warehouse_code,warehouse_name,address,total_capacity,status,create_time,update_time,deleted FROM warehouse WHERE id IN ( ? ) AND deleted=0
==> Parameters: 209(Long)
<==    Columns: id, warehouse_code, warehouse_name, address, total_capacity, status, create_time, update_time, deleted
<==        Row: 209, TEST_WH_CASCADE, 级联选择测试粮库, 测试地址, 10000.000, 1, null, null, 0
<==      Total: 1
Releasing transactional SqlSession [org.apache.ibatis.session.defaults.DefaultSqlSession@26350832]
Fetched SqlSession [org.apache.ibatis.session.defaults.DefaultSqlSession@26350832] from current transaction
==>  Preparing: SELECT id,bin_id,warehouse_id,position_code,position_name,capacity,status,create_time,update_time,deleted FROM position WHERE deleted=0 AND (warehouse_id = ? AND bin_id = ? AND status = ?) ORDER BY position_code ASC
==> Parameters: 209(Long), 132(Long), 1(Integer)
<==    Columns: id, bin_id, warehouse_id, position_code, position_name, capacity, status, create_time, update_time, deleted
<==        Row: 88, 132, 209, TEST_POS_CASCADE_1A, 级联测试区1A, 50.000, 1, null, null, 0
<==      Total: 1
Releasing transactional SqlSession [org.apache.ibatis.session.defaults.DefaultSqlSession@26350832]
Fetched SqlSession [org.apache.ibatis.session.defaults.DefaultSqlSession@26350832] from current transaction
==>  Preparing: SELECT id,warehouse_id,bin_code,bin_name,bin_type,capacity,status,create_time,update_time,deleted FROM bin WHERE id IN ( ? ) AND deleted=0
==> Parameters: 132(Long)
<==    Columns: id, warehouse_id, bin_code, bin_name, bin_type, capacity, status, create_time, update_time, deleted
<==        Row: 132, 209, TEST_BIN_CASCADE_1, 级联测试仓1, 高大平房仓, 200.000, 1, null, null, 0
<==      Total: 1
Releasing transactional SqlSession [org.apache.ibatis.session.defaults.DefaultSqlSession@26350832]
Fetched SqlSession [org.apache.ibatis.session.defaults.DefaultSqlSession@26350832] from current transaction
Releasing transactional SqlSession [org.apache.ibatis.session.defaults.DefaultSqlSession@26350832]
✅ 级联选择查询成功
   - 按库区查询货位数: 2
   - 按库区+仓房查询货位数: 1
Transaction synchronization deregistering SqlSession [org.apache.ibatis.session.defaults.DefaultSqlSession@26350832]
Transaction synchronization closing SqlSession [org.apache.ibatis.session.defaults.DefaultSqlSession@26350832]
]]></system-out>
  </testcase>
  <testcase name="testDelete" classname="com.aegis.wms.application.masterdata.service.MasterDataIntegrationTest" time="0.062">
    <system-out><![CDATA[Creating a new SqlSession
Registering transaction synchronization for SqlSession [org.apache.ibatis.session.defaults.DefaultSqlSession@18a8a40e]
JDBC Connection [HikariProxyConnection@28125426 wrapping com.mysql.cj.jdbc.ConnectionImpl@17a89cb1] will be managed by Spring
==>  Preparing: SELECT COUNT( * ) AS total FROM warehouse WHERE deleted=0 AND (warehouse_code = ?)
==> Parameters: TEST_WH_DELETE(String)
<==    Columns: total
<==        Row: 0
<==      Total: 1
Releasing transactional SqlSession [org.apache.ibatis.session.defaults.DefaultSqlSession@18a8a40e]
Fetched SqlSession [org.apache.ibatis.session.defaults.DefaultSqlSession@18a8a40e] from current transaction
==>  Preparing: INSERT INTO warehouse ( warehouse_code, warehouse_name, address, total_capacity, status, create_time, update_time ) VALUES ( ?, ?, ?, ?, ?, ?, ? )
==> Parameters: TEST_WH_DELETE(String), 删除测试粮库(String), 测试地址(String), 1000.000(BigDecimal), 1(Integer), null, null
<==    Updates: 1
Releasing transactional SqlSession [org.apache.ibatis.session.defaults.DefaultSqlSession@18a8a40e]
Fetched SqlSession [org.apache.ibatis.session.defaults.DefaultSqlSession@18a8a40e] from current transaction
==>  Preparing: UPDATE warehouse SET deleted=1 WHERE id=? AND deleted=0
==> Parameters: 210(Long)
<==    Updates: 1
Releasing transactional SqlSession [org.apache.ibatis.session.defaults.DefaultSqlSession@18a8a40e]
Fetched SqlSession [org.apache.ibatis.session.defaults.DefaultSqlSession@18a8a40e] from current transaction
==>  Preparing: SELECT id,warehouse_code,warehouse_name,address,total_capacity,status,create_time,update_time,deleted FROM warehouse WHERE id=? AND deleted=0
==> Parameters: 210(Long)
<==      Total: 0
Releasing transactional SqlSession [org.apache.ibatis.session.defaults.DefaultSqlSession@18a8a40e]
✅ 删除测试成功
Transaction synchronization deregistering SqlSession [org.apache.ibatis.session.defaults.DefaultSqlSession@18a8a40e]
Transaction synchronization closing SqlSession [org.apache.ibatis.session.defaults.DefaultSqlSession@18a8a40e]
]]></system-out>
  </testcase>
  <testcase name="testCreateWarehouseDuplicateCode" classname="com.aegis.wms.application.masterdata.service.MasterDataIntegrationTest" time="0.038">
    <system-out><![CDATA[Creating a new SqlSession
Registering transaction synchronization for SqlSession [org.apache.ibatis.session.defaults.DefaultSqlSession@6b886e86]
JDBC Connection [HikariProxyConnection@1189576631 wrapping com.mysql.cj.jdbc.ConnectionImpl@17a89cb1] will be managed by Spring
==>  Preparing: SELECT COUNT( * ) AS total FROM warehouse WHERE deleted=0 AND (warehouse_code = ?)
==> Parameters: TEST_WH_DUP(String)
<==    Columns: total
<==        Row: 0
<==      Total: 1
Releasing transactional SqlSession [org.apache.ibatis.session.defaults.DefaultSqlSession@6b886e86]
Fetched SqlSession [org.apache.ibatis.session.defaults.DefaultSqlSession@6b886e86] from current transaction
==>  Preparing: INSERT INTO warehouse ( warehouse_code, warehouse_name, address, total_capacity, status, create_time, update_time ) VALUES ( ?, ?, ?, ?, ?, ?, ? )
==> Parameters: TEST_WH_DUP(String), 重复测试粮库1(String), 测试地址(String), 1000.000(BigDecimal), 1(Integer), null, null
<==    Updates: 1
Releasing transactional SqlSession [org.apache.ibatis.session.defaults.DefaultSqlSession@6b886e86]
Fetched SqlSession [org.apache.ibatis.session.defaults.DefaultSqlSession@6b886e86] from current transaction
==>  Preparing: SELECT COUNT( * ) AS total FROM warehouse WHERE deleted=0 AND (warehouse_code = ?)
==> Parameters: TEST_WH_DUP(String)
<==    Columns: total
<==        Row: 1
<==      Total: 1
Releasing transactional SqlSession [org.apache.ibatis.session.defaults.DefaultSqlSession@6b886e86]
✅ 编码重复异常测试通过
Transaction synchronization deregistering SqlSession [org.apache.ibatis.session.defaults.DefaultSqlSession@6b886e86]
Transaction synchronization closing SqlSession [org.apache.ibatis.session.defaults.DefaultSqlSession@6b886e86]
]]></system-out>
  </testcase>
  <testcase name="testCreateBinWarehouseNotFound" classname="com.aegis.wms.application.masterdata.service.MasterDataIntegrationTest" time="0.014">
    <system-out><![CDATA[Creating a new SqlSession
Registering transaction synchronization for SqlSession [org.apache.ibatis.session.defaults.DefaultSqlSession@5973d3ec]
JDBC Connection [HikariProxyConnection@500238652 wrapping com.mysql.cj.jdbc.ConnectionImpl@17a89cb1] will be managed by Spring
==>  Preparing: SELECT id,warehouse_code,warehouse_name,address,total_capacity,status,create_time,update_time,deleted FROM warehouse WHERE id=? AND deleted=0
==> Parameters: 99999(Long)
<==      Total: 0
Releasing transactional SqlSession [org.apache.ibatis.session.defaults.DefaultSqlSession@5973d3ec]
✅ 库区不存在异常测试通过
Transaction synchronization deregistering SqlSession [org.apache.ibatis.session.defaults.DefaultSqlSession@5973d3ec]
Transaction synchronization closing SqlSession [org.apache.ibatis.session.defaults.DefaultSqlSession@5973d3ec]
]]></system-out>
  </testcase>
  <testcase name="testCreatePositionBinNotFound" classname="com.aegis.wms.application.masterdata.service.MasterDataIntegrationTest" time="0.01">
    <system-out><![CDATA[Creating a new SqlSession
Registering transaction synchronization for SqlSession [org.apache.ibatis.session.defaults.DefaultSqlSession@24e63b9f]
JDBC Connection [HikariProxyConnection@238049084 wrapping com.mysql.cj.jdbc.ConnectionImpl@17a89cb1] will be managed by Spring
==>  Preparing: SELECT id,warehouse_id,bin_code,bin_name,bin_type,capacity,status,create_time,update_time,deleted FROM bin WHERE id=? AND deleted=0
==> Parameters: 99999(Long)
<==      Total: 0
Releasing transactional SqlSession [org.apache.ibatis.session.defaults.DefaultSqlSession@24e63b9f]
✅ 仓房不存在异常测试通过
Transaction synchronization deregistering SqlSession [org.apache.ibatis.session.defaults.DefaultSqlSession@24e63b9f]
Transaction synchronization closing SqlSession [org.apache.ibatis.session.defaults.DefaultSqlSession@24e63b9f]
]]></system-out>
  </testcase>
</testsuite>